<?xml version="1.0" encoding="UTF-8"?>
<!-- Generated by org.testng.reporters.JUnitReportReporter -->
<testsuite hostname="ind496" name="Login.BuyerLogin" tests="4" failures="0" timestamp="28 Sep 2017 11:44:47 GMT" time="27.613" errors="0">
  <testcase name="blankEmailPassword" time="6.944" classname="Login.BuyerLogin"/>
  <testcase name="blankEmail" time="5.699" classname="Login.BuyerLogin"/>
  <testcase name="testLogin" time="10.593" classname="Login.BuyerLogin"/>
  <testcase name="blankPassword" time="4.377" classname="Login.BuyerLogin"/>
</testsuite> <!-- Login.BuyerLogin -->
