<?xml version="1.0" encoding="UTF-8"?>
<!-- Generated by org.testng.reporters.JUnitReportReporter -->
<testsuite hostname="ind496" name="Buyer.LoginDataProvider" tests="4" failures="0" timestamp="16 Feb 2018 11:57:21 GMT" time="0.016" errors="0">
  <testcase name="testUserReg" time="0.002" classname="Buyer.LoginDataProvider"/>
  <testcase name="testLogin" time="0.012" classname="Buyer.LoginDataProvider"/>
  <testcase name="testUserReg" time="0.001" classname="Buyer.LoginDataProvider"/>
  <testcase name="testLogin" time="0.001" classname="Buyer.LoginDataProvider"/>
</testsuite> <!-- Buyer.LoginDataProvider -->
