<?xml version="1.0" encoding="UTF-8"?>
<!-- Generated by org.testng.reporters.JUnitXMLReporter -->
<testsuite hostname="ind496" name="BuyerAddress" tests="2" failures="0" timestamp="19 Feb 2018 10:45:06 GMT" time="0.029" errors="0">
  <testcase name="@BeforeTest openAddressPage" time="0.0" classname="Buyer.Address">
    <skipped/>
  </testcase> <!-- @BeforeTest openAddressPage -->
  <testcase name="loginApplication" time="0.003" classname="Buyer.Address">
    <skipped/>
  </testcase> <!-- loginApplication -->
  <testcase name="addAddress" time="0.001" classname="Buyer.Address">
    <skipped/>
  </testcase> <!-- addAddress -->
</testsuite> <!-- BuyerAddress -->
