<?xml version="1.0" encoding="UTF-8"?>
<!-- Generated by org.testng.reporters.JUnitXMLReporter -->
<testsuite hostname="ind496" name="Listeners Test" tests="3" failures="1" timestamp="19 Feb 2018 11:05:55 GMT" time="0.067" errors="0">
  <testcase name="testProfile" time="0.017" classname="Buyer.Listeners1"/>
  <testcase name="testUserReg" time="0.005" classname="Buyer.Listeners1">
    <failure type="java.lang.AssertionError" message="null">
      <![CDATA[java.lang.AssertionError: null
	at Buyer.Listeners1.testUserReg(Listeners1.java:23)
... Removed 26 stack frames]]>
    </failure>
  </testcase> <!-- testUserReg -->
  <testcase name="testCart" time="0.004" classname="Buyer.Listeners1">
    <skipped/>
  </testcase> <!-- testCart -->
</testsuite> <!-- Listeners Test -->
